G75*
%MOIN*%
%OFA0B0*%
%FSLAX25Y25*%
%IPPOS*%
%LPD*%
%AMOC8*
5,1,8,0,0,1.08239X$1,22.5*
%
%ADD10C,0.00000*%
D10*
X0001000Y0001000D02*
X0001000Y0095488D01*
X0048244Y0095488D01*
X0048244Y0001000D01*
X0001000Y0001000D01*
X0012417Y0008874D02*
X0012419Y0009005D01*
X0012425Y0009137D01*
X0012435Y0009268D01*
X0012449Y0009399D01*
X0012467Y0009529D01*
X0012489Y0009658D01*
X0012514Y0009787D01*
X0012544Y0009915D01*
X0012578Y0010042D01*
X0012615Y0010169D01*
X0012656Y0010293D01*
X0012701Y0010417D01*
X0012750Y0010539D01*
X0012802Y0010660D01*
X0012858Y0010778D01*
X0012918Y0010896D01*
X0012981Y0011011D01*
X0013048Y0011124D01*
X0013118Y0011236D01*
X0013191Y0011345D01*
X0013267Y0011451D01*
X0013347Y0011556D01*
X0013430Y0011658D01*
X0013516Y0011757D01*
X0013605Y0011854D01*
X0013697Y0011948D01*
X0013792Y0012039D01*
X0013889Y0012128D01*
X0013989Y0012213D01*
X0014092Y0012295D01*
X0014197Y0012374D01*
X0014304Y0012450D01*
X0014414Y0012522D01*
X0014526Y0012591D01*
X0014640Y0012657D01*
X0014755Y0012719D01*
X0014873Y0012778D01*
X0014992Y0012833D01*
X0015113Y0012885D01*
X0015236Y0012932D01*
X0015360Y0012976D01*
X0015485Y0013017D01*
X0015611Y0013053D01*
X0015739Y0013086D01*
X0015867Y0013114D01*
X0015996Y0013139D01*
X0016126Y0013160D01*
X0016256Y0013177D01*
X0016387Y0013190D01*
X0016518Y0013199D01*
X0016649Y0013204D01*
X0016781Y0013205D01*
X0016912Y0013202D01*
X0017044Y0013195D01*
X0017175Y0013184D01*
X0017305Y0013169D01*
X0017435Y0013150D01*
X0017565Y0013127D01*
X0017693Y0013101D01*
X0017821Y0013070D01*
X0017948Y0013035D01*
X0018074Y0012997D01*
X0018198Y0012955D01*
X0018322Y0012909D01*
X0018443Y0012859D01*
X0018563Y0012806D01*
X0018682Y0012749D01*
X0018799Y0012689D01*
X0018913Y0012625D01*
X0019026Y0012557D01*
X0019137Y0012486D01*
X0019246Y0012412D01*
X0019352Y0012335D01*
X0019456Y0012254D01*
X0019557Y0012171D01*
X0019656Y0012084D01*
X0019752Y0011994D01*
X0019845Y0011901D01*
X0019936Y0011806D01*
X0020023Y0011708D01*
X0020108Y0011607D01*
X0020189Y0011504D01*
X0020267Y0011398D01*
X0020342Y0011290D01*
X0020414Y0011180D01*
X0020482Y0011068D01*
X0020547Y0010954D01*
X0020608Y0010837D01*
X0020666Y0010719D01*
X0020720Y0010599D01*
X0020771Y0010478D01*
X0020818Y0010355D01*
X0020861Y0010231D01*
X0020900Y0010106D01*
X0020936Y0009979D01*
X0020967Y0009851D01*
X0020995Y0009723D01*
X0021019Y0009594D01*
X0021039Y0009464D01*
X0021055Y0009333D01*
X0021067Y0009202D01*
X0021075Y0009071D01*
X0021079Y0008940D01*
X0021079Y0008808D01*
X0021075Y0008677D01*
X0021067Y0008546D01*
X0021055Y0008415D01*
X0021039Y0008284D01*
X0021019Y0008154D01*
X0020995Y0008025D01*
X0020967Y0007897D01*
X0020936Y0007769D01*
X0020900Y0007642D01*
X0020861Y0007517D01*
X0020818Y0007393D01*
X0020771Y0007270D01*
X0020720Y0007149D01*
X0020666Y0007029D01*
X0020608Y0006911D01*
X0020547Y0006794D01*
X0020482Y0006680D01*
X0020414Y0006568D01*
X0020342Y0006458D01*
X0020267Y0006350D01*
X0020189Y0006244D01*
X0020108Y0006141D01*
X0020023Y0006040D01*
X0019936Y0005942D01*
X0019845Y0005847D01*
X0019752Y0005754D01*
X0019656Y0005664D01*
X0019557Y0005577D01*
X0019456Y0005494D01*
X0019352Y0005413D01*
X0019246Y0005336D01*
X0019137Y0005262D01*
X0019026Y0005191D01*
X0018914Y0005123D01*
X0018799Y0005059D01*
X0018682Y0004999D01*
X0018563Y0004942D01*
X0018443Y0004889D01*
X0018322Y0004839D01*
X0018198Y0004793D01*
X0018074Y0004751D01*
X0017948Y0004713D01*
X0017821Y0004678D01*
X0017693Y0004647D01*
X0017565Y0004621D01*
X0017435Y0004598D01*
X0017305Y0004579D01*
X0017175Y0004564D01*
X0017044Y0004553D01*
X0016912Y0004546D01*
X0016781Y0004543D01*
X0016649Y0004544D01*
X0016518Y0004549D01*
X0016387Y0004558D01*
X0016256Y0004571D01*
X0016126Y0004588D01*
X0015996Y0004609D01*
X0015867Y0004634D01*
X0015739Y0004662D01*
X0015611Y0004695D01*
X0015485Y0004731D01*
X0015360Y0004772D01*
X0015236Y0004816D01*
X0015113Y0004863D01*
X0014992Y0004915D01*
X0014873Y0004970D01*
X0014755Y0005029D01*
X0014640Y0005091D01*
X0014526Y0005157D01*
X0014414Y0005226D01*
X0014304Y0005298D01*
X0014197Y0005374D01*
X0014092Y0005453D01*
X0013989Y0005535D01*
X0013889Y0005620D01*
X0013792Y0005709D01*
X0013697Y0005800D01*
X0013605Y0005894D01*
X0013516Y0005991D01*
X0013430Y0006090D01*
X0013347Y0006192D01*
X0013267Y0006297D01*
X0013191Y0006403D01*
X0013118Y0006512D01*
X0013048Y0006624D01*
X0012981Y0006737D01*
X0012918Y0006852D01*
X0012858Y0006970D01*
X0012802Y0007088D01*
X0012750Y0007209D01*
X0012701Y0007331D01*
X0012656Y0007455D01*
X0012615Y0007579D01*
X0012578Y0007706D01*
X0012544Y0007833D01*
X0012514Y0007961D01*
X0012489Y0008090D01*
X0012467Y0008219D01*
X0012449Y0008349D01*
X0012435Y0008480D01*
X0012425Y0008611D01*
X0012419Y0008743D01*
X0012417Y0008874D01*
X0012417Y0087614D02*
X0012419Y0087745D01*
X0012425Y0087877D01*
X0012435Y0088008D01*
X0012449Y0088139D01*
X0012467Y0088269D01*
X0012489Y0088398D01*
X0012514Y0088527D01*
X0012544Y0088655D01*
X0012578Y0088782D01*
X0012615Y0088909D01*
X0012656Y0089033D01*
X0012701Y0089157D01*
X0012750Y0089279D01*
X0012802Y0089400D01*
X0012858Y0089518D01*
X0012918Y0089636D01*
X0012981Y0089751D01*
X0013048Y0089864D01*
X0013118Y0089976D01*
X0013191Y0090085D01*
X0013267Y0090191D01*
X0013347Y0090296D01*
X0013430Y0090398D01*
X0013516Y0090497D01*
X0013605Y0090594D01*
X0013697Y0090688D01*
X0013792Y0090779D01*
X0013889Y0090868D01*
X0013989Y0090953D01*
X0014092Y0091035D01*
X0014197Y0091114D01*
X0014304Y0091190D01*
X0014414Y0091262D01*
X0014526Y0091331D01*
X0014640Y0091397D01*
X0014755Y0091459D01*
X0014873Y0091518D01*
X0014992Y0091573D01*
X0015113Y0091625D01*
X0015236Y0091672D01*
X0015360Y0091716D01*
X0015485Y0091757D01*
X0015611Y0091793D01*
X0015739Y0091826D01*
X0015867Y0091854D01*
X0015996Y0091879D01*
X0016126Y0091900D01*
X0016256Y0091917D01*
X0016387Y0091930D01*
X0016518Y0091939D01*
X0016649Y0091944D01*
X0016781Y0091945D01*
X0016912Y0091942D01*
X0017044Y0091935D01*
X0017175Y0091924D01*
X0017305Y0091909D01*
X0017435Y0091890D01*
X0017565Y0091867D01*
X0017693Y0091841D01*
X0017821Y0091810D01*
X0017948Y0091775D01*
X0018074Y0091737D01*
X0018198Y0091695D01*
X0018322Y0091649D01*
X0018443Y0091599D01*
X0018563Y0091546D01*
X0018682Y0091489D01*
X0018799Y0091429D01*
X0018913Y0091365D01*
X0019026Y0091297D01*
X0019137Y0091226D01*
X0019246Y0091152D01*
X0019352Y0091075D01*
X0019456Y0090994D01*
X0019557Y0090911D01*
X0019656Y0090824D01*
X0019752Y0090734D01*
X0019845Y0090641D01*
X0019936Y0090546D01*
X0020023Y0090448D01*
X0020108Y0090347D01*
X0020189Y0090244D01*
X0020267Y0090138D01*
X0020342Y0090030D01*
X0020414Y0089920D01*
X0020482Y0089808D01*
X0020547Y0089694D01*
X0020608Y0089577D01*
X0020666Y0089459D01*
X0020720Y0089339D01*
X0020771Y0089218D01*
X0020818Y0089095D01*
X0020861Y0088971D01*
X0020900Y0088846D01*
X0020936Y0088719D01*
X0020967Y0088591D01*
X0020995Y0088463D01*
X0021019Y0088334D01*
X0021039Y0088204D01*
X0021055Y0088073D01*
X0021067Y0087942D01*
X0021075Y0087811D01*
X0021079Y0087680D01*
X0021079Y0087548D01*
X0021075Y0087417D01*
X0021067Y0087286D01*
X0021055Y0087155D01*
X0021039Y0087024D01*
X0021019Y0086894D01*
X0020995Y0086765D01*
X0020967Y0086637D01*
X0020936Y0086509D01*
X0020900Y0086382D01*
X0020861Y0086257D01*
X0020818Y0086133D01*
X0020771Y0086010D01*
X0020720Y0085889D01*
X0020666Y0085769D01*
X0020608Y0085651D01*
X0020547Y0085534D01*
X0020482Y0085420D01*
X0020414Y0085308D01*
X0020342Y0085198D01*
X0020267Y0085090D01*
X0020189Y0084984D01*
X0020108Y0084881D01*
X0020023Y0084780D01*
X0019936Y0084682D01*
X0019845Y0084587D01*
X0019752Y0084494D01*
X0019656Y0084404D01*
X0019557Y0084317D01*
X0019456Y0084234D01*
X0019352Y0084153D01*
X0019246Y0084076D01*
X0019137Y0084002D01*
X0019026Y0083931D01*
X0018914Y0083863D01*
X0018799Y0083799D01*
X0018682Y0083739D01*
X0018563Y0083682D01*
X0018443Y0083629D01*
X0018322Y0083579D01*
X0018198Y0083533D01*
X0018074Y0083491D01*
X0017948Y0083453D01*
X0017821Y0083418D01*
X0017693Y0083387D01*
X0017565Y0083361D01*
X0017435Y0083338D01*
X0017305Y0083319D01*
X0017175Y0083304D01*
X0017044Y0083293D01*
X0016912Y0083286D01*
X0016781Y0083283D01*
X0016649Y0083284D01*
X0016518Y0083289D01*
X0016387Y0083298D01*
X0016256Y0083311D01*
X0016126Y0083328D01*
X0015996Y0083349D01*
X0015867Y0083374D01*
X0015739Y0083402D01*
X0015611Y0083435D01*
X0015485Y0083471D01*
X0015360Y0083512D01*
X0015236Y0083556D01*
X0015113Y0083603D01*
X0014992Y0083655D01*
X0014873Y0083710D01*
X0014755Y0083769D01*
X0014640Y0083831D01*
X0014526Y0083897D01*
X0014414Y0083966D01*
X0014304Y0084038D01*
X0014197Y0084114D01*
X0014092Y0084193D01*
X0013989Y0084275D01*
X0013889Y0084360D01*
X0013792Y0084449D01*
X0013697Y0084540D01*
X0013605Y0084634D01*
X0013516Y0084731D01*
X0013430Y0084830D01*
X0013347Y0084932D01*
X0013267Y0085037D01*
X0013191Y0085143D01*
X0013118Y0085252D01*
X0013048Y0085364D01*
X0012981Y0085477D01*
X0012918Y0085592D01*
X0012858Y0085710D01*
X0012802Y0085828D01*
X0012750Y0085949D01*
X0012701Y0086071D01*
X0012656Y0086195D01*
X0012615Y0086319D01*
X0012578Y0086446D01*
X0012544Y0086573D01*
X0012514Y0086701D01*
X0012489Y0086830D01*
X0012467Y0086959D01*
X0012449Y0087089D01*
X0012435Y0087220D01*
X0012425Y0087351D01*
X0012419Y0087483D01*
X0012417Y0087614D01*
M02*
